============================= test session starts ==============================
platform linux -- Python 3.11.15, pytest-9.0.3, pluggy-1.6.0 -- /usr/local/bin/python
cachedir: .pytest_cache
rootdir: /home/user/ARN-Adaptive-Reasoning-Network
configfile: pyproject.toml
plugins: asyncio-1.4.0, anyio-4.13.0
asyncio: mode=Mode.STRICT, debug=False, asyncio_default_fixture_loop_scope=None, asyncio_default_test_loop_scope=function
collecting ... collected 62 items

tests/test_openclaw_integration.py::TestSchemaV7::test_sessions_table_exists PASSED [  1%]
tests/test_openclaw_integration.py::TestSchemaV7::test_episodes_has_role_column PASSED [  3%]
tests/test_openclaw_integration.py::TestSchemaV7::test_schema_version_is_7 PASSED [  4%]
tests/test_openclaw_integration.py::TestSessionManagement::test_create_session PASSED [  6%]
tests/test_openclaw_integration.py::TestSessionManagement::test_get_session PASSED [  8%]
tests/test_openclaw_integration.py::TestSessionManagement::test_create_duplicate_session_is_idempotent PASSED [  9%]
tests/test_openclaw_integration.py::TestSessionManagement::test_end_session PASSED [ 11%]
tests/test_openclaw_integration.py::TestSessionManagement::test_get_recent_sessions PASSED [ 12%]
tests/test_openclaw_integration.py::TestSessionManagement::test_count_sessions PASSED [ 14%]
tests/test_openclaw_integration.py::TestSessionManagement::test_get_session_episodes PASSED [ 16%]
tests/test_openclaw_integration.py::TestRoleAwarePerceive::test_store_with_role_and_session PASSED [ 17%]
tests/test_openclaw_integration.py::TestRoleAwarePerceive::test_store_assistant PASSED [ 19%]
tests/test_openclaw_integration.py::TestRoleAwarePerceive::test_store_tool_call PASSED [ 20%]
tests/test_openclaw_integration.py::TestRoleAwarePerceive::test_store_tool_result PASSED [ 22%]
tests/test_openclaw_integration.py::TestRoleAwarePerceive::test_store_go_update PASSED [ 24%]
tests/test_openclaw_integration.py::TestRoleAwarePerceive::test_store_assistant_ack PASSED [ 25%]
tests/test_openclaw_integration.py::TestRoleAwarePerceive::test_session_episode_count_after_stores PASSED [ 27%]
tests/test_openclaw_integration.py::TestRoleAwareRecall::test_basic_recall PASSED [ 29%]
tests/test_openclaw_integration.py::TestRoleAwareRecall::test_role_filter_tool_call PASSED [ 30%]
tests/test_openclaw_integration.py::TestRoleAwareRecall::test_role_filter_user_messages PASSED [ 32%]
tests/test_openclaw_integration.py::TestRoleAwareRecall::test_session_filter PASSED [ 33%]
tests/test_openclaw_integration.py::TestPinAndForget::test_pin_episode PASSED [ 35%]
tests/test_openclaw_integration.py::TestPinAndForget::test_pinned_in_recall PASSED [ 37%]
tests/test_openclaw_integration.py::TestPinAndForget::test_unpin PASSED  [ 38%]
tests/test_openclaw_integration.py::TestPinAndForget::test_forget PASSED [ 40%]
tests/test_openclaw_integration.py::TestPinAndForget::test_forgotten_not_in_recall PASSED [ 41%]
tests/test_openclaw_integration.py::TestReflectAndReview::test_reflect_returns_stats PASSED [ 43%]
tests/test_openclaw_integration.py::TestReflectAndReview::test_pending_reviews_accessible PASSED [ 45%]
tests/test_openclaw_integration.py::TestReflectAndReview::test_resolve_review PASSED [ 46%]
tests/test_openclaw_integration.py::TestReflectAndReview::test_session_end_updates_count PASSED [ 48%]
tests/test_openclaw_integration.py::TestAgeLabel::test_age_label_just_now PASSED [ 50%]
tests/test_openclaw_integration.py::TestAgeLabel::test_age_label_minutes PASSED [ 51%]
tests/test_openclaw_integration.py::TestAgeLabel::test_age_label_hours PASSED [ 53%]
tests/test_openclaw_integration.py::TestAgeLabel::test_age_label_days PASSED [ 54%]
tests/test_openclaw_integration.py::TestAgeLabel::test_age_label_weeks PASSED [ 56%]
tests/test_openclaw_integration.py::TestThresholdValidation::test_relevant_results_returned SKIPPED [ 58%]
tests/test_openclaw_integration.py::TestThresholdValidation::test_programming_recall SKIPPED [ 59%]
tests/test_openclaw_integration.py::TestThresholdValidation::test_cross_topic_isolation SKIPPED [ 61%]
tests/test_procedural.py::TestComplexityScoring::test_trivial_session_below_threshold PASSED [ 62%]
tests/test_procedural.py::TestComplexityScoring::test_simple_debug_session PASSED [ 64%]
tests/test_procedural.py::TestComplexityScoring::test_multi_tool_complex_session PASSED [ 66%]
tests/test_procedural.py::TestComplexityScoring::test_no_tool_calls_zero PASSED [ 67%]
tests/test_procedural.py::TestComplexityScoring::test_error_correction_detected PASSED [ 69%]
tests/test_procedural.py::TestProceduralExtraction::test_extraction_skipped_below_threshold PASSED [ 70%]
tests/test_procedural.py::TestProceduralExtraction::test_extraction_produces_episode PASSED [ 72%]
tests/test_procedural.py::TestProceduralExtraction::test_procedure_content_structure PASSED [ 74%]
tests/test_procedural.py::TestProceduralExtraction::test_procedure_metadata_populated PASSED [ 75%]
tests/test_procedural.py::TestProceduralExtraction::test_procedure_recalled_via_normal_search PASSED [ 77%]
tests/test_procedural.py::TestProcedureSupersedesChain::test_reflect_supersedes_similar_procedure PASSED [ 79%]
tests/test_procedural.py::TestProcedureSupersedesChain::test_restore_procedure PASSED [ 80%]
tests/test_procedural.py::TestEffectivenessTracking::test_boost_on_low_error_rate PASSED [ 82%]
tests/test_procedural.py::TestEffectivenessTracking::test_reduction_on_high_error_rate PASSED [ 83%]
tests/test_procedural.py::TestEffectivenessTracking::test_no_change_in_middle_range PASSED [ 85%]
tests/test_procedural.py::TestEffectivenessTracking::test_effectiveness_capped_at_2 PASSED [ 87%]
tests/test_procedural.py::TestEffectivenessTracking::test_effectiveness_floored_at_0_1 PASSED [ 88%]
tests/test_procedural.py::TestEffectivenessTracking::test_low_effectiveness_flagged_in_review_queue PASSED [ 90%]
tests/test_procedural.py::TestDeepReflect::test_deep_reflect_returns_stats_dict PASSED [ 91%]
tests/test_procedural.py::TestDeepReflect::test_stale_procedures_get_low_importance PASSED [ 93%]
tests/test_procedural.py::TestDeepReflect::test_archived_procedures_have_valid_until PASSED [ 95%]
tests/test_procedural.py::TestDeepReflect::test_duplicate_procedures_merged PASSED [ 96%]
tests/test_procedural.py::TestRoleFilter::test_procedural_role_stored_correctly PASSED [ 98%]
tests/test_procedural.py::TestRoleFilter::test_role_filter_returns_only_procedural PASSED [100%]

======================== 59 passed, 3 skipped in 5.90s =========================
